<?xml version="1.0" encoding="UTF-8"?>
<!-- Generated by org.testng.reporters.JUnitReportReporter -->
<testsuite hostname="IMPC2105" name="Test.MercuryTest2" tests="1" failures="0" timestamp="7 Apr 2020 13:23:47 GMT" time="34.656" errors="0">
  <testcase name="mercury_tours" time="34.656" classname="Test.MercuryTest2"/>
</testsuite> <!-- Test.MercuryTest2 -->
