<?xml version="1.0" encoding="UTF-8"?>
<!-- Generated by org.testng.reporters.JUnitReportReporter -->
<testsuite hostname="IMPC2105" name="Test.LoginTest" tests="1" failures="0" timestamp="31 Mar 2020 11:45:22 GMT" time="17.625" errors="0">
  <testcase name="mercury_tours" time="17.625" classname="Test.LoginTest"/>
</testsuite> <!-- Test.LoginTest -->
