<?xml version="1.0" encoding="UTF-8"?>
<!-- Generated by org.testng.reporters.JUnitReportReporter -->
<testsuite hostname="IMPC2092" name="test.EPortalAutomation.LoginTest" tests="5" failures="0" timestamp="28 Feb 2020 06:52:51 GMT" time="12.008" errors="0">
  <testcase name="logintoEportal" time="2.208" classname="test.EPortalAutomation.LoginTest"/>
  <testcase name="goToEmpLogin" time="1.651" classname="test.EPortalAutomation.LoginTest"/>
  <testcase name="logintoEportal" time="2.439" classname="test.EPortalAutomation.LoginTest"/>
  <testcase name="logintoEportal" time="1.537" classname="test.EPortalAutomation.LoginTest"/>
  <testcase name="logintoEportal" time="4.173" classname="test.EPortalAutomation.LoginTest"/>
</testsuite> <!-- test.EPortalAutomation.LoginTest -->
